The system is: Linux - 4.4.0-101-generic - x86_64
Compiling the C compiler identification source file "CMakeCCompilerId.c" succeeded.
Compiler: /usr/bin/cc 
Build flags: 
Id flags: 

The output was:
0


Compilation of the C compiler identification source "CMakeCCompilerId.c" produced "a.out"

The C compiler identification is GNU, found in "/home/sarat/nanomsg/build/CMakeFiles/3.5.1/CompilerIdC/a.out"

Determining if the C compiler works passed with the following output:
Change Dir: /home/sarat/nanomsg/build/CMakeFiles/CMakeTmp

Run Build Command:"/usr/bin/make" "cmTC_f1fd5/fast"
/usr/bin/make -f CMakeFiles/cmTC_f1fd5.dir/build.make CMakeFiles/cmTC_f1fd5.dir/build
make[1]: Entering directory '/home/sarat/nanomsg/build/CMakeFiles/CMakeTmp'
Building C object CMakeFiles/cmTC_f1fd5.dir/testCCompiler.c.o
/usr/bin/cc     -o CMakeFiles/cmTC_f1fd5.dir/testCCompiler.c.o   -c /home/sarat/nanomsg/build/CMakeFiles/CMakeTmp/testCCompiler.c
Linking C executable cmTC_f1fd5
/usr/bin/cmake -E cmake_link_script CMakeFiles/cmTC_f1fd5.dir/link.txt --verbose=1
/usr/bin/cc       CMakeFiles/cmTC_f1fd5.dir/testCCompiler.c.o  -o cmTC_f1fd5 -rdynamic 
make[1]: Leaving directory '/home/sarat/nanomsg/build/CMakeFiles/CMakeTmp'


Detecting C compiler ABI info compiled with the following output:
Change Dir: /home/sarat/nanomsg/build/CMakeFiles/CMakeTmp

Run Build Command:"/usr/bin/make" "cmTC_47b0c/fast"
/usr/bin/make -f CMakeFiles/cmTC_47b0c.dir/build.make CMakeFiles/cmTC_47b0c.dir/build
make[1]: Entering directory '/home/sarat/nanomsg/build/CMakeFiles/CMakeTmp'
Building C object CMakeFiles/cmTC_47b0c.dir/CMakeCCompilerABI.c.o
/usr/bin/cc     -o CMakeFiles/cmTC_47b0c.dir/CMakeCCompilerABI.c.o   -c /usr/share/cmake-3.5/Modules/CMakeCCompilerABI.c
Linking C executable cmTC_47b0c
/usr/bin/cmake -E cmake_link_script CMakeFiles/cmTC_47b0c.dir/link.txt --verbose=1
/usr/bin/cc      -v CMakeFiles/cmTC_47b0c.dir/CMakeCCompilerABI.c.o  -o cmTC_47b0c -rdynamic  
Using built-in specs.
COLLECT_GCC=/usr/bin/cc
COLLECT_LTO_WRAPPER=/usr/lib/gcc/x86_64-linux-gnu/5/lto-wrapper
Target: x86_64-linux-gnu
Configured with: ../src/configure -v --with-pkgversion='Ubuntu 5.4.0-6ubuntu1~16.04.5' --with-bugurl=file:///usr/share/doc/gcc-5/README.Bugs --enable-languages=c,ada,c++,java,go,d,fortran,objc,obj-c++ --prefix=/usr --program-suffix=-5 --enable-shared --enable-linker-build-id --libexecdir=/usr/lib --without-included-gettext --enable-threads=posix --libdir=/usr/lib --enable-nls --with-sysroot=/ --enable-clocale=gnu --enable-libstdcxx-debug --enable-libstdcxx-time=yes --with-default-libstdcxx-abi=new --enable-gnu-unique-object --disable-vtable-verify --enable-libmpx --enable-plugin --with-system-zlib --disable-browser-plugin --enable-java-awt=gtk --enable-gtk-cairo --with-java-home=/usr/lib/jvm/java-1.5.0-gcj-5-amd64/jre --enable-java-home --with-jvm-root-dir=/usr/lib/jvm/java-1.5.0-gcj-5-amd64 --with-jvm-jar-dir=/usr/lib/jvm-exports/java-1.5.0-gcj-5-amd64 --with-arch-directory=amd64 --with-ecj-jar=/usr/share/java/eclipse-ecj.jar --enable-objc-gc --enable-multiarch --disable-werror --with-arch-32=i686 --with-abi=m64 --with-multilib-list=m32,m64,mx32 --enable-multilib --with-tune=generic --enable-checking=release --build=x86_64-linux-gnu --host=x86_64-linux-gnu --target=x86_64-linux-gnu
Thread model: posix
gcc version 5.4.0 20160609 (Ubuntu 5.4.0-6ubuntu1~16.04.5) 
COMPILER_PATH=/usr/lib/gcc/x86_64-linux-gnu/5/:/usr/lib/gcc/x86_64-linux-gnu/5/:/usr/lib/gcc/x86_64-linux-gnu/:/usr/lib/gcc/x86_64-linux-gnu/5/:/usr/lib/gcc/x86_64-linux-gnu/
LIBRARY_PATH=/usr/lib/gcc/x86_64-linux-gnu/5/:/usr/lib/gcc/x86_64-linux-gnu/5/../../../x86_64-linux-gnu/:/usr/lib/gcc/x86_64-linux-gnu/5/../../../../lib/:/lib/x86_64-linux-gnu/:/lib/../lib/:/usr/lib/x86_64-linux-gnu/:/usr/lib/../lib/:/usr/lib/gcc/x86_64-linux-gnu/5/../../../:/lib/:/usr/lib/
COLLECT_GCC_OPTIONS='-v' '-o' 'cmTC_47b0c' '-rdynamic' '-mtune=generic' '-march=x86-64'
 /usr/lib/gcc/x86_64-linux-gnu/5/collect2 -plugin /usr/lib/gcc/x86_64-linux-gnu/5/liblto_plugin.so -plugin-opt=/usr/lib/gcc/x86_64-linux-gnu/5/lto-wrapper -plugin-opt=-fresolution=/tmp/cc0kGRIp.res -plugin-opt=-pass-through=-lgcc -plugin-opt=-pass-through=-lgcc_s -plugin-opt=-pass-through=-lc -plugin-opt=-pass-through=-lgcc -plugin-opt=-pass-through=-lgcc_s --sysroot=/ --build-id --eh-frame-hdr -m elf_x86_64 --hash-style=gnu --as-needed -export-dynamic -dynamic-linker /lib64/ld-linux-x86-64.so.2 -z relro -o cmTC_47b0c /usr/lib/gcc/x86_64-linux-gnu/5/../../../x86_64-linux-gnu/crt1.o /usr/lib/gcc/x86_64-linux-gnu/5/../../../x86_64-linux-gnu/crti.o /usr/lib/gcc/x86_64-linux-gnu/5/crtbegin.o -L/usr/lib/gcc/x86_64-linux-gnu/5 -L/usr/lib/gcc/x86_64-linux-gnu/5/../../../x86_64-linux-gnu -L/usr/lib/gcc/x86_64-linux-gnu/5/../../../../lib -L/lib/x86_64-linux-gnu -L/lib/../lib -L/usr/lib/x86_64-linux-gnu -L/usr/lib/../lib -L/usr/lib/gcc/x86_64-linux-gnu/5/../../.. CMakeFiles/cmTC_47b0c.dir/CMakeCCompilerABI.c.o -lgcc --as-needed -lgcc_s --no-as-needed -lc -lgcc --as-needed -lgcc_s --no-as-needed /usr/lib/gcc/x86_64-linux-gnu/5/crtend.o /usr/lib/gcc/x86_64-linux-gnu/5/../../../x86_64-linux-gnu/crtn.o
make[1]: Leaving directory '/home/sarat/nanomsg/build/CMakeFiles/CMakeTmp'


Parsed C implicit link information from above output:
  link line regex: [^( *|.*[/\])(ld|([^/\]+-)?ld|collect2)[^/\]*( |$)]
  ignore line: [Change Dir: /home/sarat/nanomsg/build/CMakeFiles/CMakeTmp]
  ignore line: []
  ignore line: [Run Build Command:"/usr/bin/make" "cmTC_47b0c/fast"]
  ignore line: [/usr/bin/make -f CMakeFiles/cmTC_47b0c.dir/build.make CMakeFiles/cmTC_47b0c.dir/build]
  ignore line: [make[1]: Entering directory '/home/sarat/nanomsg/build/CMakeFiles/CMakeTmp']
  ignore line: [Building C object CMakeFiles/cmTC_47b0c.dir/CMakeCCompilerABI.c.o]
  ignore line: [/usr/bin/cc     -o CMakeFiles/cmTC_47b0c.dir/CMakeCCompilerABI.c.o   -c /usr/share/cmake-3.5/Modules/CMakeCCompilerABI.c]
  ignore line: [Linking C executable cmTC_47b0c]
  ignore line: [/usr/bin/cmake -E cmake_link_script CMakeFiles/cmTC_47b0c.dir/link.txt --verbose=1]
  ignore line: [/usr/bin/cc      -v CMakeFiles/cmTC_47b0c.dir/CMakeCCompilerABI.c.o  -o cmTC_47b0c -rdynamic  ]
  ignore line: [Using built-in specs.]
  ignore line: [COLLECT_GCC=/usr/bin/cc]
  ignore line: [COLLECT_LTO_WRAPPER=/usr/lib/gcc/x86_64-linux-gnu/5/lto-wrapper]
  ignore line: [Target: x86_64-linux-gnu]
  ignore line: [Configured with: ../src/configure -v --with-pkgversion='Ubuntu 5.4.0-6ubuntu1~16.04.5' --with-bugurl=file:///usr/share/doc/gcc-5/README.Bugs --enable-languages=c,ada,c++,java,go,d,fortran,objc,obj-c++ --prefix=/usr --program-suffix=-5 --enable-shared --enable-linker-build-id --libexecdir=/usr/lib --without-included-gettext --enable-threads=posix --libdir=/usr/lib --enable-nls --with-sysroot=/ --enable-clocale=gnu --enable-libstdcxx-debug --enable-libstdcxx-time=yes --with-default-libstdcxx-abi=new --enable-gnu-unique-object --disable-vtable-verify --enable-libmpx --enable-plugin --with-system-zlib --disable-browser-plugin --enable-java-awt=gtk --enable-gtk-cairo --with-java-home=/usr/lib/jvm/java-1.5.0-gcj-5-amd64/jre --enable-java-home --with-jvm-root-dir=/usr/lib/jvm/java-1.5.0-gcj-5-amd64 --with-jvm-jar-dir=/usr/lib/jvm-exports/java-1.5.0-gcj-5-amd64 --with-arch-directory=amd64 --with-ecj-jar=/usr/share/java/eclipse-ecj.jar --enable-objc-gc --enable-multiarch --disable-werror --with-arch-32=i686 --with-abi=m64 --with-multilib-list=m32,m64,mx32 --enable-multilib --with-tune=generic --enable-checking=release --build=x86_64-linux-gnu --host=x86_64-linux-gnu --target=x86_64-linux-gnu]
  ignore line: [Thread model: posix]
  ignore line: [gcc version 5.4.0 20160609 (Ubuntu 5.4.0-6ubuntu1~16.04.5) ]
  ignore line: [COMPILER_PATH=/usr/lib/gcc/x86_64-linux-gnu/5/:/usr/lib/gcc/x86_64-linux-gnu/5/:/usr/lib/gcc/x86_64-linux-gnu/:/usr/lib/gcc/x86_64-linux-gnu/5/:/usr/lib/gcc/x86_64-linux-gnu/]
  ignore line: [LIBRARY_PATH=/usr/lib/gcc/x86_64-linux-gnu/5/:/usr/lib/gcc/x86_64-linux-gnu/5/../../../x86_64-linux-gnu/:/usr/lib/gcc/x86_64-linux-gnu/5/../../../../lib/:/lib/x86_64-linux-gnu/:/lib/../lib/:/usr/lib/x86_64-linux-gnu/:/usr/lib/../lib/:/usr/lib/gcc/x86_64-linux-gnu/5/../../../:/lib/:/usr/lib/]
  ignore line: [COLLECT_GCC_OPTIONS='-v' '-o' 'cmTC_47b0c' '-rdynamic' '-mtune=generic' '-march=x86-64']
  link line: [ /usr/lib/gcc/x86_64-linux-gnu/5/collect2 -plugin /usr/lib/gcc/x86_64-linux-gnu/5/liblto_plugin.so -plugin-opt=/usr/lib/gcc/x86_64-linux-gnu/5/lto-wrapper -plugin-opt=-fresolution=/tmp/cc0kGRIp.res -plugin-opt=-pass-through=-lgcc -plugin-opt=-pass-through=-lgcc_s -plugin-opt=-pass-through=-lc -plugin-opt=-pass-through=-lgcc -plugin-opt=-pass-through=-lgcc_s --sysroot=/ --build-id --eh-frame-hdr -m elf_x86_64 --hash-style=gnu --as-needed -export-dynamic -dynamic-linker /lib64/ld-linux-x86-64.so.2 -z relro -o cmTC_47b0c /usr/lib/gcc/x86_64-linux-gnu/5/../../../x86_64-linux-gnu/crt1.o /usr/lib/gcc/x86_64-linux-gnu/5/../../../x86_64-linux-gnu/crti.o /usr/lib/gcc/x86_64-linux-gnu/5/crtbegin.o -L/usr/lib/gcc/x86_64-linux-gnu/5 -L/usr/lib/gcc/x86_64-linux-gnu/5/../../../x86_64-linux-gnu -L/usr/lib/gcc/x86_64-linux-gnu/5/../../../../lib -L/lib/x86_64-linux-gnu -L/lib/../lib -L/usr/lib/x86_64-linux-gnu -L/usr/lib/../lib -L/usr/lib/gcc/x86_64-linux-gnu/5/../../.. CMakeFiles/cmTC_47b0c.dir/CMakeCCompilerABI.c.o -lgcc --as-needed -lgcc_s --no-as-needed -lc -lgcc --as-needed -lgcc_s --no-as-needed /usr/lib/gcc/x86_64-linux-gnu/5/crtend.o /usr/lib/gcc/x86_64-linux-gnu/5/../../../x86_64-linux-gnu/crtn.o]
    arg [/usr/lib/gcc/x86_64-linux-gnu/5/collect2] ==> ignore
    arg [-plugin] ==> ignore
    arg [/usr/lib/gcc/x86_64-linux-gnu/5/liblto_plugin.so] ==> ignore
    arg [-plugin-opt=/usr/lib/gcc/x86_64-linux-gnu/5/lto-wrapper] ==> ignore
    arg [-plugin-opt=-fresolution=/tmp/cc0kGRIp.res] ==> ignore
    arg [-plugin-opt=-pass-through=-lgcc] ==> ignore
    arg [-plugin-opt=-pass-through=-lgcc_s] ==> ignore
    arg [-plugin-opt=-pass-through=-lc] ==> ignore
    arg [-plugin-opt=-pass-through=-lgcc] ==> ignore
    arg [-plugin-opt=-pass-through=-lgcc_s] ==> ignore
    arg [--sysroot=/] ==> ignore
    arg [--build-id] ==> ignore
    arg [--eh-frame-hdr] ==> ignore
    arg [-m] ==> ignore
    arg [elf_x86_64] ==> ignore
    arg [--hash-style=gnu] ==> ignore
    arg [--as-needed] ==> ignore
    arg [-export-dynamic] ==> ignore
    arg [-dynamic-linker] ==> ignore
    arg [/lib64/ld-linux-x86-64.so.2] ==> ignore
    arg [-zrelro] ==> ignore
    arg [-o] ==> ignore
    arg [cmTC_47b0c] ==> ignore
    arg [/usr/lib/gcc/x86_64-linux-gnu/5/../../../x86_64-linux-gnu/crt1.o] ==> ignore
    arg [/usr/lib/gcc/x86_64-linux-gnu/5/../../../x86_64-linux-gnu/crti.o] ==> ignore
    arg [/usr/lib/gcc/x86_64-linux-gnu/5/crtbegin.o] ==> ignore
    arg [-L/usr/lib/gcc/x86_64-linux-gnu/5] ==> dir [/usr/lib/gcc/x86_64-linux-gnu/5]
    arg [-L/usr/lib/gcc/x86_64-linux-gnu/5/../../../x86_64-linux-gnu] ==> dir [/usr/lib/gcc/x86_64-linux-gnu/5/../../../x86_64-linux-gnu]
    arg [-L/usr/lib/gcc/x86_64-linux-gnu/5/../../../../lib] ==> dir [/usr/lib/gcc/x86_64-linux-gnu/5/../../../../lib]
    arg [-L/lib/x86_64-linux-gnu] ==> dir [/lib/x86_64-linux-gnu]
    arg [-L/lib/../lib] ==> dir [/lib/../lib]
    arg [-L/usr/lib/x86_64-linux-gnu] ==> dir [/usr/lib/x86_64-linux-gnu]
    arg [-L/usr/lib/../lib] ==> dir [/usr/lib/../lib]
    arg [-L/usr/lib/gcc/x86_64-linux-gnu/5/../../..] ==> dir [/usr/lib/gcc/x86_64-linux-gnu/5/../../..]
    arg [CMakeFiles/cmTC_47b0c.dir/CMakeCCompilerABI.c.o] ==> ignore
    arg [-lgcc] ==> lib [gcc]
    arg [--as-needed] ==> ignore
    arg [-lgcc_s] ==> lib [gcc_s]
    arg [--no-as-needed] ==> ignore
    arg [-lc] ==> lib [c]
    arg [-lgcc] ==> lib [gcc]
    arg [--as-needed] ==> ignore
    arg [-lgcc_s] ==> lib [gcc_s]
    arg [--no-as-needed] ==> ignore
    arg [/usr/lib/gcc/x86_64-linux-gnu/5/crtend.o] ==> ignore
    arg [/usr/lib/gcc/x86_64-linux-gnu/5/../../../x86_64-linux-gnu/crtn.o] ==> ignore
  remove lib [gcc]
  remove lib [gcc_s]
  remove lib [gcc]
  remove lib [gcc_s]
  collapse library dir [/usr/lib/gcc/x86_64-linux-gnu/5] ==> [/usr/lib/gcc/x86_64-linux-gnu/5]
  collapse library dir [/usr/lib/gcc/x86_64-linux-gnu/5/../../../x86_64-linux-gnu] ==> [/usr/lib/x86_64-linux-gnu]
  collapse library dir [/usr/lib/gcc/x86_64-linux-gnu/5/../../../../lib] ==> [/usr/lib]
  collapse library dir [/lib/x86_64-linux-gnu] ==> [/lib/x86_64-linux-gnu]
  collapse library dir [/lib/../lib] ==> [/lib]
  collapse library dir [/usr/lib/x86_64-linux-gnu] ==> [/usr/lib/x86_64-linux-gnu]
  collapse library dir [/usr/lib/../lib] ==> [/usr/lib]
  collapse library dir [/usr/lib/gcc/x86_64-linux-gnu/5/../../..] ==> [/usr/lib]
  implicit libs: [c]
  implicit dirs: [/usr/lib/gcc/x86_64-linux-gnu/5;/usr/lib/x86_64-linux-gnu;/usr/lib;/lib/x86_64-linux-gnu;/lib]
  implicit fwks: []




Detecting C [-std=c11] compiler features compiled with the following output:
Change Dir: /home/sarat/nanomsg/build/CMakeFiles/CMakeTmp

Run Build Command:"/usr/bin/make" "cmTC_71aae/fast"
/usr/bin/make -f CMakeFiles/cmTC_71aae.dir/build.make CMakeFiles/cmTC_71aae.dir/build
make[1]: Entering directory '/home/sarat/nanomsg/build/CMakeFiles/CMakeTmp'
Building C object CMakeFiles/cmTC_71aae.dir/feature_tests.c.o
/usr/bin/cc    -std=c11 -o CMakeFiles/cmTC_71aae.dir/feature_tests.c.o   -c /home/sarat/nanomsg/build/CMakeFiles/feature_tests.c
Linking C executable cmTC_71aae
/usr/bin/cmake -E cmake_link_script CMakeFiles/cmTC_71aae.dir/link.txt --verbose=1
/usr/bin/cc       CMakeFiles/cmTC_71aae.dir/feature_tests.c.o  -o cmTC_71aae -rdynamic 
make[1]: Leaving directory '/home/sarat/nanomsg/build/CMakeFiles/CMakeTmp'


    Feature record: C_FEATURE:1c_function_prototypes
    Feature record: C_FEATURE:1c_restrict
    Feature record: C_FEATURE:1c_static_assert
    Feature record: C_FEATURE:1c_variadic_macros


Detecting C [-std=c99] compiler features compiled with the following output:
Change Dir: /home/sarat/nanomsg/build/CMakeFiles/CMakeTmp

Run Build Command:"/usr/bin/make" "cmTC_5214f/fast"
/usr/bin/make -f CMakeFiles/cmTC_5214f.dir/build.make CMakeFiles/cmTC_5214f.dir/build
make[1]: Entering directory '/home/sarat/nanomsg/build/CMakeFiles/CMakeTmp'
Building C object CMakeFiles/cmTC_5214f.dir/feature_tests.c.o
/usr/bin/cc    -std=c99 -o CMakeFiles/cmTC_5214f.dir/feature_tests.c.o   -c /home/sarat/nanomsg/build/CMakeFiles/feature_tests.c
Linking C executable cmTC_5214f
/usr/bin/cmake -E cmake_link_script CMakeFiles/cmTC_5214f.dir/link.txt --verbose=1
/usr/bin/cc       CMakeFiles/cmTC_5214f.dir/feature_tests.c.o  -o cmTC_5214f -rdynamic 
make[1]: Leaving directory '/home/sarat/nanomsg/build/CMakeFiles/CMakeTmp'


    Feature record: C_FEATURE:1c_function_prototypes
    Feature record: C_FEATURE:1c_restrict
    Feature record: C_FEATURE:0c_static_assert
    Feature record: C_FEATURE:1c_variadic_macros


Detecting C [-std=c90] compiler features compiled with the following output:
Change Dir: /home/sarat/nanomsg/build/CMakeFiles/CMakeTmp

Run Build Command:"/usr/bin/make" "cmTC_732e5/fast"
/usr/bin/make -f CMakeFiles/cmTC_732e5.dir/build.make CMakeFiles/cmTC_732e5.dir/build
make[1]: Entering directory '/home/sarat/nanomsg/build/CMakeFiles/CMakeTmp'
Building C object CMakeFiles/cmTC_732e5.dir/feature_tests.c.o
/usr/bin/cc    -std=c90 -o CMakeFiles/cmTC_732e5.dir/feature_tests.c.o   -c /home/sarat/nanomsg/build/CMakeFiles/feature_tests.c
Linking C executable cmTC_732e5
/usr/bin/cmake -E cmake_link_script CMakeFiles/cmTC_732e5.dir/link.txt --verbose=1
/usr/bin/cc       CMakeFiles/cmTC_732e5.dir/feature_tests.c.o  -o cmTC_732e5 -rdynamic 
make[1]: Leaving directory '/home/sarat/nanomsg/build/CMakeFiles/CMakeTmp'


    Feature record: C_FEATURE:1c_function_prototypes
    Feature record: C_FEATURE:0c_restrict
    Feature record: C_FEATURE:0c_static_assert
    Feature record: C_FEATURE:0c_variadic_macros
Determining if the include file pthread.h exists passed with the following output:
Change Dir: /home/sarat/nanomsg/build/CMakeFiles/CMakeTmp

Run Build Command:"/usr/bin/make" "cmTC_4c3f5/fast"
/usr/bin/make -f CMakeFiles/cmTC_4c3f5.dir/build.make CMakeFiles/cmTC_4c3f5.dir/build
make[1]: Entering directory '/home/sarat/nanomsg/build/CMakeFiles/CMakeTmp'
Building C object CMakeFiles/cmTC_4c3f5.dir/CheckIncludeFile.c.o
/usr/bin/cc     -o CMakeFiles/cmTC_4c3f5.dir/CheckIncludeFile.c.o   -c /home/sarat/nanomsg/build/CMakeFiles/CMakeTmp/CheckIncludeFile.c
Linking C executable cmTC_4c3f5
/usr/bin/cmake -E cmake_link_script CMakeFiles/cmTC_4c3f5.dir/link.txt --verbose=1
/usr/bin/cc       CMakeFiles/cmTC_4c3f5.dir/CheckIncludeFile.c.o  -o cmTC_4c3f5 -rdynamic 
make[1]: Leaving directory '/home/sarat/nanomsg/build/CMakeFiles/CMakeTmp'


Determining if the function pthread_create exists in the pthread passed with the following output:
Change Dir: /home/sarat/nanomsg/build/CMakeFiles/CMakeTmp

Run Build Command:"/usr/bin/make" "cmTC_5f10c/fast"
/usr/bin/make -f CMakeFiles/cmTC_5f10c.dir/build.make CMakeFiles/cmTC_5f10c.dir/build
make[1]: Entering directory '/home/sarat/nanomsg/build/CMakeFiles/CMakeTmp'
Building C object CMakeFiles/cmTC_5f10c.dir/CheckFunctionExists.c.o
/usr/bin/cc    -DCHECK_FUNCTION_EXISTS=pthread_create   -o CMakeFiles/cmTC_5f10c.dir/CheckFunctionExists.c.o   -c /usr/share/cmake-3.5/Modules/CheckFunctionExists.c
Linking C executable cmTC_5f10c
/usr/bin/cmake -E cmake_link_script CMakeFiles/cmTC_5f10c.dir/link.txt --verbose=1
/usr/bin/cc   -DCHECK_FUNCTION_EXISTS=pthread_create    CMakeFiles/cmTC_5f10c.dir/CheckFunctionExists.c.o  -o cmTC_5f10c -rdynamic -lpthread 
make[1]: Leaving directory '/home/sarat/nanomsg/build/CMakeFiles/CMakeTmp'


Determining if the function socketpair exists passed with the following output:
Change Dir: /home/sarat/nanomsg/build/CMakeFiles/CMakeTmp

Run Build Command:"/usr/bin/make" "cmTC_6ee25/fast"
/usr/bin/make -f CMakeFiles/cmTC_6ee25.dir/build.make CMakeFiles/cmTC_6ee25.dir/build
make[1]: Entering directory '/home/sarat/nanomsg/build/CMakeFiles/CMakeTmp'
Building C object CMakeFiles/cmTC_6ee25.dir/CheckFunctionExists.c.o
/usr/bin/cc    -DCHECK_FUNCTION_EXISTS=socketpair   -o CMakeFiles/cmTC_6ee25.dir/CheckFunctionExists.c.o   -c /usr/share/cmake-3.5/Modules/CheckFunctionExists.c
Linking C executable cmTC_6ee25
/usr/bin/cmake -E cmake_link_script CMakeFiles/cmTC_6ee25.dir/link.txt --verbose=1
/usr/bin/cc   -DCHECK_FUNCTION_EXISTS=socketpair    CMakeFiles/cmTC_6ee25.dir/CheckFunctionExists.c.o  -o cmTC_6ee25 -rdynamic 
make[1]: Leaving directory '/home/sarat/nanomsg/build/CMakeFiles/CMakeTmp'


Determining if the function eventfd exists passed with the following output:
Change Dir: /home/sarat/nanomsg/build/CMakeFiles/CMakeTmp

Run Build Command:"/usr/bin/make" "cmTC_f0300/fast"
/usr/bin/make -f CMakeFiles/cmTC_f0300.dir/build.make CMakeFiles/cmTC_f0300.dir/build
make[1]: Entering directory '/home/sarat/nanomsg/build/CMakeFiles/CMakeTmp'
Building C object CMakeFiles/cmTC_f0300.dir/CheckFunctionExists.c.o
/usr/bin/cc    -DCHECK_FUNCTION_EXISTS=eventfd   -o CMakeFiles/cmTC_f0300.dir/CheckFunctionExists.c.o   -c /usr/share/cmake-3.5/Modules/CheckFunctionExists.c
Linking C executable cmTC_f0300
/usr/bin/cmake -E cmake_link_script CMakeFiles/cmTC_f0300.dir/link.txt --verbose=1
/usr/bin/cc   -DCHECK_FUNCTION_EXISTS=eventfd    CMakeFiles/cmTC_f0300.dir/CheckFunctionExists.c.o  -o cmTC_f0300 -rdynamic 
make[1]: Leaving directory '/home/sarat/nanomsg/build/CMakeFiles/CMakeTmp'


Determining if the function pipe exists passed with the following output:
Change Dir: /home/sarat/nanomsg/build/CMakeFiles/CMakeTmp

Run Build Command:"/usr/bin/make" "cmTC_a175e/fast"
/usr/bin/make -f CMakeFiles/cmTC_a175e.dir/build.make CMakeFiles/cmTC_a175e.dir/build
make[1]: Entering directory '/home/sarat/nanomsg/build/CMakeFiles/CMakeTmp'
Building C object CMakeFiles/cmTC_a175e.dir/CheckFunctionExists.c.o
/usr/bin/cc    -DCHECK_FUNCTION_EXISTS=pipe   -o CMakeFiles/cmTC_a175e.dir/CheckFunctionExists.c.o   -c /usr/share/cmake-3.5/Modules/CheckFunctionExists.c
Linking C executable cmTC_a175e
/usr/bin/cmake -E cmake_link_script CMakeFiles/cmTC_a175e.dir/link.txt --verbose=1
/usr/bin/cc   -DCHECK_FUNCTION_EXISTS=pipe    CMakeFiles/cmTC_a175e.dir/CheckFunctionExists.c.o  -o cmTC_a175e -rdynamic 
make[1]: Leaving directory '/home/sarat/nanomsg/build/CMakeFiles/CMakeTmp'


Determining if the function pipe2 exists passed with the following output:
Change Dir: /home/sarat/nanomsg/build/CMakeFiles/CMakeTmp

Run Build Command:"/usr/bin/make" "cmTC_b665f/fast"
/usr/bin/make -f CMakeFiles/cmTC_b665f.dir/build.make CMakeFiles/cmTC_b665f.dir/build
make[1]: Entering directory '/home/sarat/nanomsg/build/CMakeFiles/CMakeTmp'
Building C object CMakeFiles/cmTC_b665f.dir/CheckFunctionExists.c.o
/usr/bin/cc    -DCHECK_FUNCTION_EXISTS=pipe2   -o CMakeFiles/cmTC_b665f.dir/CheckFunctionExists.c.o   -c /usr/share/cmake-3.5/Modules/CheckFunctionExists.c
Linking C executable cmTC_b665f
/usr/bin/cmake -E cmake_link_script CMakeFiles/cmTC_b665f.dir/link.txt --verbose=1
/usr/bin/cc   -DCHECK_FUNCTION_EXISTS=pipe2    CMakeFiles/cmTC_b665f.dir/CheckFunctionExists.c.o  -o cmTC_b665f -rdynamic 
make[1]: Leaving directory '/home/sarat/nanomsg/build/CMakeFiles/CMakeTmp'


Determining if the function accept4 exists passed with the following output:
Change Dir: /home/sarat/nanomsg/build/CMakeFiles/CMakeTmp

Run Build Command:"/usr/bin/make" "cmTC_1c3e6/fast"
/usr/bin/make -f CMakeFiles/cmTC_1c3e6.dir/build.make CMakeFiles/cmTC_1c3e6.dir/build
make[1]: Entering directory '/home/sarat/nanomsg/build/CMakeFiles/CMakeTmp'
Building C object CMakeFiles/cmTC_1c3e6.dir/CheckFunctionExists.c.o
/usr/bin/cc    -DCHECK_FUNCTION_EXISTS=accept4   -o CMakeFiles/cmTC_1c3e6.dir/CheckFunctionExists.c.o   -c /usr/share/cmake-3.5/Modules/CheckFunctionExists.c
Linking C executable cmTC_1c3e6
/usr/bin/cmake -E cmake_link_script CMakeFiles/cmTC_1c3e6.dir/link.txt --verbose=1
/usr/bin/cc   -DCHECK_FUNCTION_EXISTS=accept4    CMakeFiles/cmTC_1c3e6.dir/CheckFunctionExists.c.o  -o cmTC_1c3e6 -rdynamic 
make[1]: Leaving directory '/home/sarat/nanomsg/build/CMakeFiles/CMakeTmp'


Determining if the function epoll_create exists passed with the following output:
Change Dir: /home/sarat/nanomsg/build/CMakeFiles/CMakeTmp

Run Build Command:"/usr/bin/make" "cmTC_e081a/fast"
/usr/bin/make -f CMakeFiles/cmTC_e081a.dir/build.make CMakeFiles/cmTC_e081a.dir/build
make[1]: Entering directory '/home/sarat/nanomsg/build/CMakeFiles/CMakeTmp'
Building C object CMakeFiles/cmTC_e081a.dir/CheckFunctionExists.c.o
/usr/bin/cc    -DCHECK_FUNCTION_EXISTS=epoll_create   -o CMakeFiles/cmTC_e081a.dir/CheckFunctionExists.c.o   -c /usr/share/cmake-3.5/Modules/CheckFunctionExists.c
Linking C executable cmTC_e081a
/usr/bin/cmake -E cmake_link_script CMakeFiles/cmTC_e081a.dir/link.txt --verbose=1
/usr/bin/cc   -DCHECK_FUNCTION_EXISTS=epoll_create    CMakeFiles/cmTC_e081a.dir/CheckFunctionExists.c.o  -o cmTC_e081a -rdynamic 
make[1]: Leaving directory '/home/sarat/nanomsg/build/CMakeFiles/CMakeTmp'


Determining if the function poll exists passed with the following output:
Change Dir: /home/sarat/nanomsg/build/CMakeFiles/CMakeTmp

Run Build Command:"/usr/bin/make" "cmTC_6aaf9/fast"
/usr/bin/make -f CMakeFiles/cmTC_6aaf9.dir/build.make CMakeFiles/cmTC_6aaf9.dir/build
make[1]: Entering directory '/home/sarat/nanomsg/build/CMakeFiles/CMakeTmp'
Building C object CMakeFiles/cmTC_6aaf9.dir/CheckFunctionExists.c.o
/usr/bin/cc    -DCHECK_FUNCTION_EXISTS=poll   -o CMakeFiles/cmTC_6aaf9.dir/CheckFunctionExists.c.o   -c /usr/share/cmake-3.5/Modules/CheckFunctionExists.c
Linking C executable cmTC_6aaf9
/usr/bin/cmake -E cmake_link_script CMakeFiles/cmTC_6aaf9.dir/link.txt --verbose=1
/usr/bin/cc   -DCHECK_FUNCTION_EXISTS=poll    CMakeFiles/cmTC_6aaf9.dir/CheckFunctionExists.c.o  -o cmTC_6aaf9 -rdynamic 
make[1]: Leaving directory '/home/sarat/nanomsg/build/CMakeFiles/CMakeTmp'


Determining if the function getaddrinfo_a exists in the anl passed with the following output:
Change Dir: /home/sarat/nanomsg/build/CMakeFiles/CMakeTmp

Run Build Command:"/usr/bin/make" "cmTC_0fd4d/fast"
/usr/bin/make -f CMakeFiles/cmTC_0fd4d.dir/build.make CMakeFiles/cmTC_0fd4d.dir/build
make[1]: Entering directory '/home/sarat/nanomsg/build/CMakeFiles/CMakeTmp'
Building C object CMakeFiles/cmTC_0fd4d.dir/CheckFunctionExists.c.o
/usr/bin/cc    -DCHECK_FUNCTION_EXISTS=getaddrinfo_a   -o CMakeFiles/cmTC_0fd4d.dir/CheckFunctionExists.c.o   -c /usr/share/cmake-3.5/Modules/CheckFunctionExists.c
Linking C executable cmTC_0fd4d
/usr/bin/cmake -E cmake_link_script CMakeFiles/cmTC_0fd4d.dir/link.txt --verbose=1
/usr/bin/cc   -DCHECK_FUNCTION_EXISTS=getaddrinfo_a    CMakeFiles/cmTC_0fd4d.dir/CheckFunctionExists.c.o  -o cmTC_0fd4d -rdynamic -lanl 
make[1]: Leaving directory '/home/sarat/nanomsg/build/CMakeFiles/CMakeTmp'


Determining if the function clock_gettime exists in the rt passed with the following output:
Change Dir: /home/sarat/nanomsg/build/CMakeFiles/CMakeTmp

Run Build Command:"/usr/bin/make" "cmTC_13bbf/fast"
/usr/bin/make -f CMakeFiles/cmTC_13bbf.dir/build.make CMakeFiles/cmTC_13bbf.dir/build
make[1]: Entering directory '/home/sarat/nanomsg/build/CMakeFiles/CMakeTmp'
Building C object CMakeFiles/cmTC_13bbf.dir/CheckFunctionExists.c.o
/usr/bin/cc    -DCHECK_FUNCTION_EXISTS=clock_gettime   -o CMakeFiles/cmTC_13bbf.dir/CheckFunctionExists.c.o   -c /usr/share/cmake-3.5/Modules/CheckFunctionExists.c
Linking C executable cmTC_13bbf
/usr/bin/cmake -E cmake_link_script CMakeFiles/cmTC_13bbf.dir/link.txt --verbose=1
/usr/bin/cc   -DCHECK_FUNCTION_EXISTS=clock_gettime    CMakeFiles/cmTC_13bbf.dir/CheckFunctionExists.c.o  -o cmTC_13bbf -rdynamic -lrt 
make[1]: Leaving directory '/home/sarat/nanomsg/build/CMakeFiles/CMakeTmp'


Determining if the function sem_wait exists in the pthread passed with the following output:
Change Dir: /home/sarat/nanomsg/build/CMakeFiles/CMakeTmp

Run Build Command:"/usr/bin/make" "cmTC_07259/fast"
/usr/bin/make -f CMakeFiles/cmTC_07259.dir/build.make CMakeFiles/cmTC_07259.dir/build
make[1]: Entering directory '/home/sarat/nanomsg/build/CMakeFiles/CMakeTmp'
Building C object CMakeFiles/cmTC_07259.dir/CheckFunctionExists.c.o
/usr/bin/cc    -DCHECK_FUNCTION_EXISTS=sem_wait   -o CMakeFiles/cmTC_07259.dir/CheckFunctionExists.c.o   -c /usr/share/cmake-3.5/Modules/CheckFunctionExists.c
Linking C executable cmTC_07259
/usr/bin/cmake -E cmake_link_script CMakeFiles/cmTC_07259.dir/link.txt --verbose=1
/usr/bin/cc   -DCHECK_FUNCTION_EXISTS=sem_wait    CMakeFiles/cmTC_07259.dir/CheckFunctionExists.c.o  -o cmTC_07259 -rdynamic -lpthread 
make[1]: Leaving directory '/home/sarat/nanomsg/build/CMakeFiles/CMakeTmp'


Determining if the function gethostbyname exists in the nsl passed with the following output:
Change Dir: /home/sarat/nanomsg/build/CMakeFiles/CMakeTmp

Run Build Command:"/usr/bin/make" "cmTC_3e105/fast"
/usr/bin/make -f CMakeFiles/cmTC_3e105.dir/build.make CMakeFiles/cmTC_3e105.dir/build
make[1]: Entering directory '/home/sarat/nanomsg/build/CMakeFiles/CMakeTmp'
Building C object CMakeFiles/cmTC_3e105.dir/CheckFunctionExists.c.o
/usr/bin/cc    -DCHECK_FUNCTION_EXISTS=gethostbyname   -o CMakeFiles/cmTC_3e105.dir/CheckFunctionExists.c.o   -c /usr/share/cmake-3.5/Modules/CheckFunctionExists.c
Linking C executable cmTC_3e105
/usr/bin/cmake -E cmake_link_script CMakeFiles/cmTC_3e105.dir/link.txt --verbose=1
/usr/bin/cc   -DCHECK_FUNCTION_EXISTS=gethostbyname    CMakeFiles/cmTC_3e105.dir/CheckFunctionExists.c.o  -o cmTC_3e105 -rdynamic -lnsl 
make[1]: Leaving directory '/home/sarat/nanomsg/build/CMakeFiles/CMakeTmp'


Determining if the CLOCK_MONOTONIC exist passed with the following output:
Change Dir: /home/sarat/nanomsg/build/CMakeFiles/CMakeTmp

Run Build Command:"/usr/bin/make" "cmTC_12c1b/fast"
/usr/bin/make -f CMakeFiles/cmTC_12c1b.dir/build.make CMakeFiles/cmTC_12c1b.dir/build
make[1]: Entering directory '/home/sarat/nanomsg/build/CMakeFiles/CMakeTmp'
Building C object CMakeFiles/cmTC_12c1b.dir/CheckSymbolExists.c.o
/usr/bin/cc     -o CMakeFiles/cmTC_12c1b.dir/CheckSymbolExists.c.o   -c /home/sarat/nanomsg/build/CMakeFiles/CMakeTmp/CheckSymbolExists.c
Linking C executable cmTC_12c1b
/usr/bin/cmake -E cmake_link_script CMakeFiles/cmTC_12c1b.dir/link.txt --verbose=1
/usr/bin/cc       CMakeFiles/cmTC_12c1b.dir/CheckSymbolExists.c.o  -o cmTC_12c1b -rdynamic 
make[1]: Leaving directory '/home/sarat/nanomsg/build/CMakeFiles/CMakeTmp'

File /home/sarat/nanomsg/build/CMakeFiles/CMakeTmp/CheckSymbolExists.c:
/* */
#include <time.h>

int main(int argc, char** argv)
{
  (void)argv;
#ifndef CLOCK_MONOTONIC
  return ((int*)(&CLOCK_MONOTONIC))[argc];
#else
  (void)argc;
  return 0;
#endif
}

Determining if the AF_UNIX exist passed with the following output:
Change Dir: /home/sarat/nanomsg/build/CMakeFiles/CMakeTmp

Run Build Command:"/usr/bin/make" "cmTC_edae6/fast"
/usr/bin/make -f CMakeFiles/cmTC_edae6.dir/build.make CMakeFiles/cmTC_edae6.dir/build
make[1]: Entering directory '/home/sarat/nanomsg/build/CMakeFiles/CMakeTmp'
Building C object CMakeFiles/cmTC_edae6.dir/CheckSymbolExists.c.o
/usr/bin/cc     -o CMakeFiles/cmTC_edae6.dir/CheckSymbolExists.c.o   -c /home/sarat/nanomsg/build/CMakeFiles/CMakeTmp/CheckSymbolExists.c
Linking C executable cmTC_edae6
/usr/bin/cmake -E cmake_link_script CMakeFiles/cmTC_edae6.dir/link.txt --verbose=1
/usr/bin/cc       CMakeFiles/cmTC_edae6.dir/CheckSymbolExists.c.o  -o cmTC_edae6 -rdynamic 
make[1]: Leaving directory '/home/sarat/nanomsg/build/CMakeFiles/CMakeTmp'

File /home/sarat/nanomsg/build/CMakeFiles/CMakeTmp/CheckSymbolExists.c:
/* */
#include <sys/socket.h>

int main(int argc, char** argv)
{
  (void)argv;
#ifndef AF_UNIX
  return ((int*)(&AF_UNIX))[argc];
#else
  (void)argc;
  return 0;
#endif
}

Determining if the backtrace_symbols_fd exist passed with the following output:
Change Dir: /home/sarat/nanomsg/build/CMakeFiles/CMakeTmp

Run Build Command:"/usr/bin/make" "cmTC_e39df/fast"
/usr/bin/make -f CMakeFiles/cmTC_e39df.dir/build.make CMakeFiles/cmTC_e39df.dir/build
make[1]: Entering directory '/home/sarat/nanomsg/build/CMakeFiles/CMakeTmp'
Building C object CMakeFiles/cmTC_e39df.dir/CheckSymbolExists.c.o
/usr/bin/cc     -o CMakeFiles/cmTC_e39df.dir/CheckSymbolExists.c.o   -c /home/sarat/nanomsg/build/CMakeFiles/CMakeTmp/CheckSymbolExists.c
Linking C executable cmTC_e39df
/usr/bin/cmake -E cmake_link_script CMakeFiles/cmTC_e39df.dir/link.txt --verbose=1
/usr/bin/cc       CMakeFiles/cmTC_e39df.dir/CheckSymbolExists.c.o  -o cmTC_e39df -rdynamic 
make[1]: Leaving directory '/home/sarat/nanomsg/build/CMakeFiles/CMakeTmp'

File /home/sarat/nanomsg/build/CMakeFiles/CMakeTmp/CheckSymbolExists.c:
/* */
#include <execinfo.h>

int main(int argc, char** argv)
{
  (void)argv;
#ifndef backtrace_symbols_fd
  return ((int*)(&backtrace_symbols_fd))[argc];
#else
  (void)argc;
  return 0;
#endif
}

Performing C SOURCE FILE Test NN_HAVE_MSG_CONTROL succeeded with the following output:
Change Dir: /home/sarat/nanomsg/build/CMakeFiles/CMakeTmp

Run Build Command:"/usr/bin/make" "cmTC_ffa3b/fast"
/usr/bin/make -f CMakeFiles/cmTC_ffa3b.dir/build.make CMakeFiles/cmTC_ffa3b.dir/build
make[1]: Entering directory '/home/sarat/nanomsg/build/CMakeFiles/CMakeTmp'
Building C object CMakeFiles/cmTC_ffa3b.dir/src.c.o
/usr/bin/cc    -DNN_HAVE_MSG_CONTROL   -o CMakeFiles/cmTC_ffa3b.dir/src.c.o   -c /home/sarat/nanomsg/build/CMakeFiles/CMakeTmp/src.c
Linking C executable cmTC_ffa3b
/usr/bin/cmake -E cmake_link_script CMakeFiles/cmTC_ffa3b.dir/link.txt --verbose=1
/usr/bin/cc   -DNN_HAVE_MSG_CONTROL    CMakeFiles/cmTC_ffa3b.dir/src.c.o  -o cmTC_ffa3b -rdynamic 
make[1]: Leaving directory '/home/sarat/nanomsg/build/CMakeFiles/CMakeTmp'

Source file was:

#include <sys/socket.h>

int main()
{
   (void)sizeof(((struct msghdr *)0)->msg_control);
   return 0;
}

Performing C SOURCE FILE Test NN_HAVE_GCC_ATOMIC_BUILTINS succeeded with the following output:
Change Dir: /home/sarat/nanomsg/build/CMakeFiles/CMakeTmp

Run Build Command:"/usr/bin/make" "cmTC_32130/fast"
/usr/bin/make -f CMakeFiles/cmTC_32130.dir/build.make CMakeFiles/cmTC_32130.dir/build
make[1]: Entering directory '/home/sarat/nanomsg/build/CMakeFiles/CMakeTmp'
Building C object CMakeFiles/cmTC_32130.dir/src.c.o
/usr/bin/cc    -DNN_HAVE_GCC_ATOMIC_BUILTINS   -o CMakeFiles/cmTC_32130.dir/src.c.o   -c /home/sarat/nanomsg/build/CMakeFiles/CMakeTmp/src.c
Linking C executable cmTC_32130
/usr/bin/cmake -E cmake_link_script CMakeFiles/cmTC_32130.dir/link.txt --verbose=1
/usr/bin/cc   -DNN_HAVE_GCC_ATOMIC_BUILTINS    CMakeFiles/cmTC_32130.dir/src.c.o  -o cmTC_32130 -rdynamic 
make[1]: Leaving directory '/home/sarat/nanomsg/build/CMakeFiles/CMakeTmp'

Source file was:

    #include <stdint.h>
    int main()
    {
        volatile uint32_t n = 0;
        __sync_fetch_and_add (&n, 1);
        __sync_fetch_and_sub (&n, 1);
        return 0;
    }

